Arguments: 
  C:\Program Files\nodejs\node.exe C:\Users\Shin\AppData\Roaming\npm\node_modules\yarn\bin\yarn.js global dir --json

PATH: 
  C:\Program Files (x86)\Common Files\Oracle\Java\javapath;C:\Program Files (x86)\VMware\VMware Workstation\bin\;C:\Windows\system32;C:\Windows;C:\Windows\System32\Wbem;C:\Windows\System32\WindowsPowerShell\v1.0\;C:\Windows\System32\OpenSSH\;C:\Program Files\NVIDIA Corporation\NVIDIA NvDLISR;C:\Program Files\nodejs\;C:\Program Files\dotnet\;C:\Program Files\Git\cmd;C:\Program Files\Process Lasso\;;C:\Program Files (x86)\NVIDIA Corporation\PhysX\Common;C:\Users\Shin\AppData\Local\Programs\Python\Python311\Scripts\;C:\Users\Shin\AppData\Local\Programs\Python\Python311\;C:\Users\Shin\AppData\Local\Microsoft\WindowsApps;C:\Users\Shin\AppData\Local\Programs\Microsoft VS Code\bin;C:\Users\Shin\AppData\Roaming\npm;C:\Program Files (x86)\GnuWin32\bin;C:\Users\Shin\.dotnet\tools

Yarn version: 
  1.22.19

Node version: 
  16.15.1

Platform: 
  win32 x64

Trace: 
  SyntaxError: c:\Users\Shin\Desktop\Теория HTML CSS JS\УЧЕБА\slozhno-sosredotochitsya_Gulp\package.json: Unexpected token n in JSON at position 1236
      at JSON.parse (<anonymous>)
      at C:\Users\Shin\AppData\Roaming\npm\node_modules\yarn\lib\cli.js:1629:59
      at Generator.next (<anonymous>)
      at step (C:\Users\Shin\AppData\Roaming\npm\node_modules\yarn\lib\cli.js:310:30)
      at C:\Users\Shin\AppData\Roaming\npm\node_modules\yarn\lib\cli.js:321:13

npm manifest: 
  {
      "name": "slozhno-sosredotochitsya_gulp",
      "version": "1.0.0",
      "description": "gulp project",
      "main": "index.js",
      "scripts": {
          "test": "echo: Hello!",
          "check": "prettier --check './src/**/*.{html,css,js}'",
          "format": "prettier --write './src/**/*.{html,css,js}'",
          "lint": "stylelint './src/**/*.css'",
          "lintfix": "stylelint './src/**/*.css' --fix",
          "checkAll": "npm run check && npm run lint",
          "fixAll": "npm run format && npm run lintfix",
          "build": "gulp build",
          "dev": "gulp",
          "fixAndBuild": "npm run fixAll && npm run build",
          "lintfixAndPush": "npm run fixAll && git add . && git commit -m 'подготовили к публикации' && git push"
      },
      "repository": {
          "type": "git",
          "url": "git+https://github.com/ShinTerrible/slozhno-sosredotochitsya.git"
      },
      "author": "Christina",
      "license": "ISC",
      "bugs": {
          "url": "https://github.com/ShinTerrible/slozhno-sosredotochitsya/issues"
      },
      "homepage": "https://github.com/ShinTerrible/slozhno-sosredotochitsya#readme",
      "dependencies": {
          "stylelint": "^16.3.1"
      },
      "devDependencies": {
          "prettier": "^3.2.5"
      }
  }
  npm install stylelint --save-dev

yarn manifest: 
  No manifest

Lockfile: 
  No lockfile
